2024-04-29 03:47:00.753 [main] INFO  org.example.PopularCategories - Starting...
2024-04-29 03:47:00.809 [main] INFO  org.example.PopularCategories - Counting categories...
2024-04-29 03:47:00.812 [main] INFO  org.example.PopularCategories - Finding popular categories...
2024-04-29 03:47:00.817 [main] INFO  org.example.PopularCategories - Generating report...
2024-04-29 03:47:12.218 [main] INFO  org.example.PopularCategories - Counting categories...
2024-04-29 03:47:12.244 [main] INFO  org.example.PopularCategories - Finding popular categories...
2024-04-29 03:47:12.250 [main] INFO  org.example.PopularCategories - Generating report...
2024-04-29 03:47:39.694 [main] INFO  org.example.PopularCategories - Counting categories...
2024-04-29 03:47:39.714 [main] INFO  org.example.PopularCategories - Finding popular categories...
2024-04-29 03:47:39.721 [main] INFO  org.example.PopularCategories - Generating report...
2024-04-29 05:02:05.715 [main] INFO  org.example.PopularCategories - Starting...
2024-04-29 05:02:05.752 [main] INFO  org.example.PopularCategories - Counting categories...
2024-04-29 05:02:05.755 [main] INFO  org.example.PopularCategories - Finding popular categories...
2024-04-29 05:02:05.759 [main] INFO  org.example.PopularCategories - Generating report...
2024-04-29 06:53:57.024 [main] INFO  org.example.PopularCategories - Counting categories...
2024-04-29 06:53:57.053 [main] INFO  org.example.PopularCategories - Finding popular categories...
2024-04-29 06:53:57.064 [main] INFO  org.example.PopularCategories - Generating report...
2024-04-29 06:55:08.704 [main] INFO  org.example.PopularCategories - Counting categories...
2024-04-29 06:55:08.734 [main] INFO  org.example.PopularCategories - Finding popular categories...
2024-04-29 06:55:08.744 [main] INFO  org.example.PopularCategories - Generating report...
2024-04-29 06:55:19.750 [main] INFO  org.example.PopularCategories - Starting...
2024-04-29 06:55:19.810 [main] INFO  org.example.PopularCategories - Counting categories...
2024-04-29 06:55:50.206 [main] INFO  org.example.PopularCategories - Starting...
2024-04-29 06:55:50.256 [main] INFO  org.example.PopularCategories - Counting categories...
2024-04-29 06:55:50.259 [main] INFO  org.example.PopularCategories - Finding popular categories...
2024-04-29 06:55:50.265 [main] INFO  org.example.PopularCategories - Generating report...
2024-04-29 06:55:50.271 [main] INFO  org.example.PopularCategories - {"categories":["бытовая техника"]}
2024-04-29 06:56:18.454 [main] INFO  org.example.PopularCategories - Starting...
2024-04-29 06:56:18.496 [main] INFO  org.example.PopularCategories - Counting categories...
2024-04-29 06:56:18.499 [main] INFO  org.example.PopularCategories - Finding popular categories...
2024-04-29 06:56:18.504 [main] INFO  org.example.PopularCategories - Generating report...
2024-04-29 06:57:23.567 [main] INFO  org.example.PopularCategories - Starting...
2024-04-29 06:57:23.621 [main] INFO  org.example.PopularCategories - Counting categories...
2024-04-29 06:58:08.561 [main] INFO  org.example.PopularCategories - Starting...
2024-04-29 06:58:08.617 [main] INFO  org.example.PopularCategories - Counting categories...
2024-04-29 06:59:30.540 [main] INFO  org.example.PopularCategories - Starting...
2024-04-29 06:59:30.595 [main] INFO  org.example.PopularCategories - Counting categories...
2024-04-29 06:59:30.598 [main] INFO  org.example.PopularCategories - Finding popular categories...
2024-04-29 06:59:30.605 [main] INFO  org.example.PopularCategories - Generating report...
2024-04-29 06:59:30.611 [main] INFO  org.example.PopularCategories - {"categories":["бытовая техника"]}
2024-04-29 07:00:05.158 [main] INFO  org.example.PopularCategories - Starting...
2024-04-29 07:00:05.214 [main] INFO  org.example.PopularCategories - Counting categories...
2024-04-29 07:00:05.217 [main] INFO  org.example.PopularCategories - Finding popular categories...
2024-04-29 07:00:05.223 [main] INFO  org.example.PopularCategories - Generating report...
2024-04-29 07:00:05.229 [main] INFO  org.example.PopularCategories - {"categories":["бытовая техника"]}
2024-04-29 07:00:25.770 [main] INFO  org.example.PopularCategories - Starting...
2024-04-29 07:00:25.822 [main] INFO  org.example.PopularCategories - Counting categories...
2024-04-29 07:00:25.825 [main] INFO  org.example.PopularCategories - Finding popular categories...
2024-04-29 07:00:25.831 [main] INFO  org.example.PopularCategories - Generating report...
2024-04-29 07:00:25.836 [main] INFO  org.example.PopularCategories - {"categories":["бытовая техника"]}
2024-04-29 07:01:12.539 [main] INFO  org.example.PopularCategories - Starting...
2024-04-29 07:01:12.596 [main] INFO  org.example.PopularCategories - Counting categories...
2024-04-29 07:02:45.747 [main] INFO  org.example.PopularCategories - Starting...
2024-04-29 07:02:45.803 [main] INFO  org.example.PopularCategories - Counting categories...
2024-04-29 07:02:45.806 [main] INFO  org.example.PopularCategories - Finding popular categories...
2024-04-29 07:02:45.813 [main] INFO  org.example.PopularCategories - Generating report...
2024-04-29 07:02:45.818 [main] INFO  org.example.PopularCategories - {"categories":["бытовая техника"]}
2024-04-29 07:02:54.619 [main] INFO  org.example.PopularCategories - Counting categories...
2024-04-29 07:02:54.641 [main] INFO  org.example.PopularCategories - Finding popular categories...
2024-04-29 07:02:54.649 [main] INFO  org.example.PopularCategories - Generating report...
2024-04-29 07:03:00.897 [main] INFO  org.example.PopularCategories - Counting categories...
2024-04-29 07:03:00.916 [main] INFO  org.example.PopularCategories - Finding popular categories...
2024-04-29 07:03:00.924 [main] INFO  org.example.PopularCategories - Generating report...
2024-04-29 07:04:40.028 [main] INFO  org.example.PopularCategories - Counting categories...
2024-04-29 07:04:40.056 [main] INFO  org.example.PopularCategories - Finding popular categories...
2024-04-29 07:04:40.064 [main] INFO  org.example.PopularCategories - Generating report...
